<?xml version="1.0" encoding="UTF-8"?>
<testsuite name="com.provisions.calculator.engine.CommissionRuleEngineTest" tests="3" skipped="0" failures="0" errors="0" timestamp="2026-03-25T21:09:00.786Z" hostname="(none)" time="0.006">
  <properties/>
  <testcase name="isApplicable filters out non-applicable rules()" classname="com.provisions.calculator.engine.CommissionRuleEngineTest" time="0.002"/>
  <testcase name="rules are sorted by order and results concatenated()" classname="com.provisions.calculator.engine.CommissionRuleEngineTest" time="0.001"/>
  <testcase name="empty rules list produces empty results()" classname="com.provisions.calculator.engine.CommissionRuleEngineTest" time="0.001"/>
  <system-out><![CDATA[]]></system-out>
  <system-err><![CDATA[]]></system-err>
</testsuite>
