<?xml version="1.0" encoding="UTF-8"?>
<testsuite name="com.provisions.calculator.service.CalculationServiceTest" tests="2" skipped="0" failures="0" errors="0" timestamp="2026-03-25T21:09:00.099Z" hostname="(none)" time="0.682">
  <properties/>
  <testcase name="calculate runs engine when no cached result()" classname="com.provisions.calculator.service.CalculationServiceTest" time="0.659"/>
  <testcase name="calculate returns cached result when input hash matches()" classname="com.provisions.calculator.service.CalculationServiceTest" time="0.021"/>
  <system-out><![CDATA[]]></system-out>
  <system-err><![CDATA[WARNING: A Java agent has been loaded dynamically (/root/.gradle/caches/modules-2/files-2.1/net.bytebuddy/byte-buddy-agent/1.15.11/a38b16385e867f59a641330f0362ebe742788ed8/byte-buddy-agent-1.15.11.jar)
WARNING: If a serviceability tool is in use, please run with -XX:+EnableDynamicAgentLoading to hide this warning
WARNING: If a serviceability tool is not in use, please run with -Djdk.instrument.traceUsage for more information
WARNING: Dynamic loading of agents will be disallowed by default in a future release
]]></system-err>
</testsuite>
