<?xml version="1.0" encoding="UTF-8"?>
<testsuite name="com.provisions.calculator.engine.rules.DepthBasedCommissionRuleTest" tests="5" skipped="0" failures="0" errors="0" timestamp="2026-03-25T21:09:00.795Z" hostname="(none)" time="0.008">
  <properties/>
  <testcase name="depth 1, 2, 3 commission walks up the tree()" classname="com.provisions.calculator.engine.rules.DepthBasedCommissionRuleTest" time="0.002"/>
  <testcase name="rounding uses HALF_UP with 4 decimal places()" classname="com.provisions.calculator.engine.rules.DepthBasedCommissionRuleTest" time="0.001"/>
  <testcase name="depth 1 commission from direct parent()" classname="com.provisions.calculator.engine.rules.DepthBasedCommissionRuleTest" time="0.001"/>
  <testcase name="buyer at root produces no commission()" classname="com.provisions.calculator.engine.rules.DepthBasedCommissionRuleTest" time="0.0"/>
  <testcase name="multiple purchases generate separate line items()" classname="com.provisions.calculator.engine.rules.DepthBasedCommissionRuleTest" time="0.001"/>
  <system-out><![CDATA[]]></system-out>
  <system-err><![CDATA[]]></system-err>
</testsuite>
